\BOOKMARK [1][-]{section.0.1}{\376\377\000B\000a\000s\000i\000c\000\040\000g\000u\000i\000t\000a\000r\000\040\000c\000h\000o\000r\000d\000s}{}% 1
\BOOKMARK [0][-]{chapter.1}{\376\377\000A\000C\000\040\000D\000C}{}% 2
\BOOKMARK [1][-]{section.1.1}{\376\377\000B\000a\000c\000k\000\040\000I\000n\000\040\000B\000l\000a\000c\000k}{chapter.1}% 3
\BOOKMARK [1][-]{section.1.2}{\376\377\000H\000e\000l\000l\000'\000s\000\040\000B\000e\000l\000l\000s}{chapter.1}% 4
\BOOKMARK [1][-]{section.1.3}{\376\377\000Y\000o\000u\000\040\000S\000h\000o\000o\000k\000\040\000M\000e\000\040\000A\000l\000l\000\040\000N\000i\000g\000h\000t\000\040\000L\000o\000n\000g}{chapter.1}% 5
\BOOKMARK [0][-]{chapter.2}{\376\377\000A\000d\000r\000i\000a\000n\000o\000\040\000C\000e\000l\000e\000n\000t\000a\000n\000o}{}% 6
\BOOKMARK [1][-]{section.2.1}{\376\377\000A\000z\000z\000u\000r\000r\000o}{chapter.2}% 7
\BOOKMARK [1][-]{section.2.2}{\376\377\000I\000l\000\040\000R\000a\000g\000a\000z\000z\000o\000\040\000D\000e\000l\000l\000a\000\040\000V\000i\000a\000\040\000G\000l\000u\000c\000k}{chapter.2}% 8
\BOOKMARK [0][-]{chapter.3}{\376\377\000A\000m\000e\000r\000i\000c\000a}{}% 9
\BOOKMARK [1][-]{section.3.1}{\376\377\000A\000\040\000H\000o\000r\000s\000e\000\040\000W\000i\000t\000h\000\040\000N\000o\000\040\000N\000a\000m\000e}{chapter.3}% 10
\BOOKMARK [1][-]{section.3.2}{\376\377\000L\000o\000n\000e\000l\000y\000\040\000P\000e\000o\000p\000l\000e}{chapter.3}% 11
\BOOKMARK [1][-]{section.3.3}{\376\377\000O\000n\000l\000y\000\040\000I\000n\000\040\000Y\000o\000u\000r\000\040\000H\000e\000a\000r\000t}{chapter.3}% 12
\BOOKMARK [1][-]{section.3.4}{\376\377\000S\000i\000s\000t\000e\000r\000\040\000G\000o\000l\000d\000e\000n\000\040\000H\000a\000i\000r}{chapter.3}% 13
\BOOKMARK [0][-]{chapter.4}{\376\377\000A\000n\000g\000e\000l\000o\000\040\000B\000r\000a\000n\000d\000u\000a\000r\000d\000i}{}% 14
\BOOKMARK [1][-]{section.4.1}{\376\377\000A\000l\000l\000a\000\040\000f\000i\000e\000r\000a\000\040\000d\000e\000l\000l\000'\000e\000s\000t}{chapter.4}% 15
\BOOKMARK [1][-]{section.4.2}{\376\377\000I\000l\000\040\000d\000o\000n\000o\000\040\000d\000e\000l\000\040\000c\000e\000r\000v\000o}{chapter.4}% 16
\BOOKMARK [1][-]{section.4.3}{\376\377\000L\000a\000\040\000P\000u\000l\000c\000e\000\040\000D\000'\000A\000c\000q\000u\000a}{chapter.4}% 17
\BOOKMARK [0][-]{chapter.5}{\376\377\000A\000n\000t\000o\000n\000e\000l\000l\000o\000\040\000V\000e\000n\000d\000i\000t\000t\000i}{}% 18
\BOOKMARK [1][-]{section.5.1}{\376\377\000B\000o\000m\000b\000a\000\040\000o\000\040\000n\000o\000n\000\040\000b\000o\000m\000b\000a}{chapter.5}% 19
\BOOKMARK [1][-]{section.5.2}{\376\377\000N\000o\000t\000t\000e\000\040\000p\000r\000i\000m\000a\000\040\000d\000e\000g\000l\000i\000\040\000e\000s\000a\000m\000i}{chapter.5}% 20
\BOOKMARK [1][-]{section.5.3}{\376\377\000S\000o\000t\000t\000o\000\040\000i\000l\000\040\000s\000e\000g\000n\000o\000\040\000d\000e\000i\000\040\000p\000e\000s\000c\000i}{chapter.5}% 21
\BOOKMARK [0][-]{chapter.6}{\376\377\000B\000e\000a\000t\000l\000e\000s}{}% 22
\BOOKMARK [1][-]{section.6.1}{\376\377\000A\000\040\000D\000a\000y\000\040\000I\000n\000\040\000T\000h\000e\000\040\000L\000i\000f\000e}{chapter.6}% 23
\BOOKMARK [1][-]{section.6.2}{\376\377\000A\000c\000r\000o\000s\000s\000\040\000T\000h\000e\000\040\000U\000n\000i\000v\000e\000r\000s\000e}{chapter.6}% 24
\BOOKMARK [1][-]{section.6.3}{\376\377\000A\000c\000t\000\040\000N\000a\000t\000u\000r\000a\000l\000l\000y}{chapter.6}% 25
\BOOKMARK [1][-]{section.6.4}{\376\377\000A\000l\000l\000\040\000M\000y\000\040\000L\000o\000v\000i\000n\000g}{chapter.6}% 26
\BOOKMARK [1][-]{section.6.5}{\376\377\000D\000o\000\040\000Y\000o\000u\000\040\000W\000a\000n\000t\000\040\000T\000o\000\040\000K\000n\000o\000w\000\040\000A\000\040\000S\000e\000c\000r\000e\000t}{chapter.6}% 27
\BOOKMARK [1][-]{section.6.6}{\376\377\000D\000o\000n\000'\000t\000\040\000P\000a\000s\000s\000\040\000M\000e\000\040\000B\000y}{chapter.6}% 28
\BOOKMARK [1][-]{section.6.7}{\376\377\000E\000i\000g\000h\000t\000\040\000D\000a\000y\000s\000\040\000A\000\040\000W\000e\000e\000k}{chapter.6}% 29
\BOOKMARK [1][-]{section.6.8}{\376\377\000E\000l\000e\000a\000n\000o\000r\000e\000\040\000R\000i\000g\000b\000y}{chapter.6}% 30
\BOOKMARK [1][-]{section.6.9}{\376\377\000F\000i\000x\000i\000n\000g\000\040\000A\000\040\000H\000o\000l\000e}{chapter.6}% 31
\BOOKMARK [1][-]{section.6.10}{\376\377\000F\000o\000r\000\040\000N\000o\000\040\000O\000n\000e}{chapter.6}% 32
\BOOKMARK [1][-]{section.6.11}{\376\377\000F\000r\000o\000m\000\040\000M\000e\000\040\000T\000o\000\040\000Y\000o\000u}{chapter.6}% 33
\BOOKMARK [1][-]{section.6.12}{\376\377\000G\000i\000r\000l}{chapter.6}% 34
\BOOKMARK [1][-]{section.6.13}{\376\377\000H\000e\000l\000l\000o\000\040\000G\000o\000o\000d\000b\000y}{chapter.6}% 35
\BOOKMARK [1][-]{section.6.14}{\376\377\000H\000e\000l\000p\000!}{chapter.6}% 36
\BOOKMARK [1][-]{section.6.15}{\376\377\000H\000e\000r\000e\000,\000\040\000T\000h\000e\000r\000e\000\040\000A\000n\000d\000\040\000E\000v\000e\000r\000y\000w\000h\000e\000r\000e}{chapter.6}% 37
\BOOKMARK [1][-]{section.6.16}{\376\377\000H\000e\000r\000e\000\040\000C\000o\000m\000e\000s\000\040\000T\000h\000e\000\040\000S\000u\000n}{chapter.6}% 38
\BOOKMARK [1][-]{section.6.17}{\376\377\000H\000e\000y\000\040\000J\000u\000d\000e}{chapter.6}% 39
\BOOKMARK [1][-]{section.6.18}{\376\377\000H\000o\000n\000e\000y\000\040\000P\000i\000e}{chapter.6}% 40
\BOOKMARK [1][-]{section.6.19}{\376\377\000I\000'\000l\000l\000\040\000F\000o\000l\000l\000o\000w\000\040\000T\000h\000e\000\040\000S\000u\000n}{chapter.6}% 41
\BOOKMARK [1][-]{section.6.20}{\376\377\000I\000'\000l\000l\000\040\000G\000e\000t\000\040\000Y\000o\000u}{chapter.6}% 42
\BOOKMARK [1][-]{section.6.21}{\376\377\000I\000'\000m\000\040\000O\000n\000l\000y\000\040\000S\000l\000e\000e\000p\000i\000n\000g}{chapter.6}% 43
\BOOKMARK [1][-]{section.6.22}{\376\377\000I\000'\000m\000\040\000S\000o\000\040\000T\000i\000r\000e\000d}{chapter.6}% 44
\BOOKMARK [1][-]{section.6.23}{\376\377\000I\000'\000v\000e\000\040\000J\000u\000s\000t\000\040\000A\000\040\000F\000a\000c\000e}{chapter.6}% 45
\BOOKMARK [1][-]{section.6.24}{\376\377\000I\000\040\000W\000a\000n\000t\000\040\000T\000o\000\040\000H\000o\000l\000d\000\040\000Y\000o\000u\000r\000\040\000H\000a\000n\000d}{chapter.6}% 46
\BOOKMARK [1][-]{section.6.25}{\376\377\000I\000m\000a\000g\000i\000n\000e}{chapter.6}% 47
\BOOKMARK [1][-]{section.6.26}{\376\377\000I\000n\000\040\000M\000y\000\040\000L\000i\000f\000e}{chapter.6}% 48
\BOOKMARK [1][-]{section.6.27}{\376\377\000L\000e\000t\000\040\000I\000t\000\040\000B\000e}{chapter.6}% 49
\BOOKMARK [1][-]{section.6.28}{\376\377\000L\000o\000v\000e\000\040\000M\000e\000\040\000D\000o}{chapter.6}% 50
\BOOKMARK [1][-]{section.6.29}{\376\377\000M\000i\000c\000h\000e\000l\000l\000e}{chapter.6}% 51
\BOOKMARK [1][-]{section.6.30}{\376\377\000M\000i\000s\000e\000r\000y}{chapter.6}% 52
\BOOKMARK [1][-]{section.6.31}{\376\377\000N\000o\000\040\000R\000e\000p\000l\000y}{chapter.6}% 53
\BOOKMARK [1][-]{section.6.32}{\376\377\000N\000o\000r\000w\000e\000g\000i\000a\000n\000\040\000W\000o\000o\000d}{chapter.6}% 54
\BOOKMARK [1][-]{section.6.33}{\376\377\000N\000o\000t\000\040\000A\000\040\000S\000e\000c\000o\000n\000d\000\040\000T\000i\000m\000e}{chapter.6}% 55
\BOOKMARK [1][-]{section.6.34}{\376\377\000O\000b\000l\000a\000d\000i\000\040\000O\000b\000l\000a\000d\000a}{chapter.6}% 56
\BOOKMARK [1][-]{section.6.35}{\376\377\000P\000S\000\040\000I\000\040\000L\000o\000v\000e\000\040\000Y\000o\000u}{chapter.6}% 57
\BOOKMARK [1][-]{section.6.36}{\376\377\000P\000e\000n\000n\000y\000\040\000L\000a\000n\000e}{chapter.6}% 58
\BOOKMARK [1][-]{section.6.37}{\376\377\000R\000e\000v\000o\000l\000u\000t\000i\000o\000n\000\040\000O\000n\000e}{chapter.6}% 59
\BOOKMARK [1][-]{section.6.38}{\376\377\000S\000h\000e\000\040\000I\000s\000\040\000L\000e\000a\000v\000i\000n\000g\000\040\000H\000o\000m\000e}{chapter.6}% 60
\BOOKMARK [1][-]{section.6.39}{\376\377\000T\000e\000l\000l\000\040\000M\000e\000\040\000W\000h\000a\000t\000\040\000Y\000o\000u\000\040\000S\000e\000e}{chapter.6}% 61
\BOOKMARK [1][-]{section.6.40}{\376\377\000T\000i\000c\000k\000e\000t\000\040\000T\000o\000\040\000R\000i\000d\000e}{chapter.6}% 62
\BOOKMARK [1][-]{section.6.41}{\376\377\000T\000i\000l\000l\000\040\000T\000h\000e\000r\000e\000\040\000W\000a\000s\000\040\000Y\000o\000u}{chapter.6}% 63
\BOOKMARK [1][-]{section.6.42}{\376\377\000T\000w\000o\000\040\000O\000f\000\040\000U\000s}{chapter.6}% 64
\BOOKMARK [1][-]{section.6.43}{\376\377\000W\000e\000\040\000C\000a\000n\000\040\000W\000o\000r\000k\000\040\000I\000t\000\040\000O\000u\000t}{chapter.6}% 65
\BOOKMARK [1][-]{section.6.44}{\376\377\000W\000h\000e\000n\000\040\000I\000'\000m\000\040\000S\000i\000x\000t\000y\000\040\000F\000o\000u\000r}{chapter.6}% 66
\BOOKMARK [1][-]{section.6.45}{\376\377\000W\000h\000i\000l\000e\000\040\000M\000y\000\040\000G\000u\000i\000t\000a\000r\000\040\000G\000e\000n\000t\000l\000y\000\040\000W\000e\000e\000p\000s}{chapter.6}% 67
\BOOKMARK [1][-]{section.6.46}{\376\377\000W\000i\000t\000h\000\040\000A\000\040\000L\000i\000t\000t\000l\000e\000\040\000H\000e\000l\000p\000\040\000F\000r\000o\000m\000\040\000M\000y\000\040\000F\000r\000i\000e\000n\000d\000s}{chapter.6}% 68
\BOOKMARK [1][-]{section.6.47}{\376\377\000Y\000e\000l\000l\000o\000w\000\040\000S\000u\000b\000m\000a\000r\000i\000n\000e}{chapter.6}% 69
\BOOKMARK [1][-]{section.6.48}{\376\377\000Y\000e\000s\000\040\000I\000t\000\040\000I\000s}{chapter.6}% 70
\BOOKMARK [0][-]{chapter.7}{\376\377\000B\000o\000b\000\040\000M\000a\000r\000l\000e\000y}{}% 71
\BOOKMARK [1][-]{section.7.1}{\376\377\000R\000e\000d\000e\000m\000p\000t\000i\000o\000n\000\040\000S\000o\000n\000g}{chapter.7}% 72
\BOOKMARK [0][-]{chapter.8}{\376\377\000B\000r\000u\000c\000e\000\040\000S\000p\000r\000i\000n\000g\000s\000t\000e\000e\000n}{}% 73
\BOOKMARK [0][-]{chapter.9}{\376\377\000C\000a\000l\000c\000u\000t\000t\000a}{}% 74
\BOOKMARK [1][-]{section.9.1}{\376\377\0002\000\040\000m\000i\000n\000u\000t\000i}{chapter.9}% 75
\BOOKMARK [0][-]{chapter.10}{\376\377\000C\000a\000n\000z\000o\000n\000i\000\040\000P\000o\000p\000o\000l\000a\000r\000i\000,\000\040\000d\000i\000\040\000L\000o\000t\000t\000a\000,\000\040\000d\000i\000\040\000P\000r\000o\000t\000e\000s\000t\000a}{}% 76
\BOOKMARK [1][-]{section.10.1}{\376\377\000A\000d\000d\000i\000o\000\040\000L\000u\000g\000a\000n\000o\000\040\000B\000e\000l\000l\000a}{chapter.10}% 77
\BOOKMARK [1][-]{section.10.2}{\376\377\000B\000e\000l\000l\000a\000\040\000C\000i\000a\000o}{chapter.10}% 78
\BOOKMARK [1][-]{section.10.3}{\376\377\000E\000l\000\040\000P\000u\000e\000b\000l\000o\000\040\000U\000n\000i\000d\000o\000\040\000J\000a\000m\000a\000s\000\040\000S\000e\000r\000a\000\040\000V\000e\000n\000c\000i\000d\000o\000,\000\040\000I\000n\000t\000i\000\040\000I\000l\000l\000i\000m\000a\000n\000i}{chapter.10}% 79
\BOOKMARK [1][-]{section.10.4}{\376\377\000G\000i\000v\000e\000\040\000P\000e\000a\000c\000e\000\040\000A\000\040\000C\000h\000a\000n\000c\000e}{chapter.10}% 80
\BOOKMARK [1][-]{section.10.5}{\376\377\000H\000a\000s\000t\000a\000\040\000S\000i\000e\000m\000p\000r\000e\000\040\000C\000o\000m\000a\000n\000d\000a\000n\000t\000e\000\040\000C\000h\000e\000\040\000G\000u\000e\000v\000a\000r\000a\000,\000\040\000B\000u\000e\000n\000a\000\040\000V\000i\000s\000t\000a\000\040\000S\000o\000c\000i\000a\000l\000\040\000C\000l\000u\000b}{chapter.10}% 81
\BOOKMARK [1][-]{section.10.6}{\376\377\000L\000a\000\040\000C\000a\000n\000t\000a\000t\000a\000\040\000D\000e\000l\000l\000'\000A\000n\000a\000r\000c\000h\000i\000c\000o\000\040\000P\000i\000n\000e\000l\000l\000i}{chapter.10}% 82
\BOOKMARK [1][-]{section.10.7}{\376\377\000O\000\040\000G\000o\000r\000i\000z\000i\000a}{chapter.10}% 83
\BOOKMARK [1][-]{section.10.8}{\376\377\000P\000e\000r\000\040\000I\000\040\000M\000o\000r\000t\000i\000\040\000D\000i\000\040\000R\000e\000g\000g\000i\000o\000\040\000E\000m\000i\000l\000i\000a}{chapter.10}% 84
\BOOKMARK [1][-]{section.10.9}{\376\377\000W\000e\000\040\000S\000h\000a\000l\000l\000\040\000O\000v\000e\000r\000c\000o\000m\000e}{chapter.10}% 85
\BOOKMARK [0][-]{chapter.11}{\376\377\000C\000a\000t\000\040\000S\000t\000e\000v\000e\000n\000s}{}% 86
\BOOKMARK [1][-]{section.11.1}{\376\377\000F\000a\000t\000h\000e\000r\000\040\000A\000n\000d\000\040\000S\000o\000n}{chapter.11}% 87
\BOOKMARK [0][-]{chapter.12}{\376\377\000C\000l\000a\000u\000d\000i\000o\000\040\000L\000o\000l\000l\000i}{}% 88
\BOOKMARK [1][-]{section.12.1}{\376\377\000A\000n\000g\000o\000s\000c\000i\000a\000\040\000M\000e\000t\000r\000o\000p\000o\000l\000i\000t\000a\000n\000a}{chapter.12}% 89
\BOOKMARK [1][-]{section.12.2}{\376\377\000A\000s\000p\000e\000t\000t\000a\000n\000d\000o\000\040\000G\000o\000d\000o\000t}{chapter.12}% 90
\BOOKMARK [1][-]{section.12.3}{\376\377\000B\000o\000r\000g\000h\000e\000s\000i\000a}{chapter.12}% 91
\BOOKMARK [1][-]{section.12.4}{\376\377\000T\000i\000\040\000R\000i\000c\000o\000r\000d\000i\000\040\000M\000i\000c\000h\000e\000l}{chapter.12}% 92
\BOOKMARK [0][-]{chapter.13}{\376\377\000C\000r\000e\000e\000d\000e\000n\000c\000e\000\040\000C\000l\000e\000a\000r\000w\000a\000t\000e\000r\000\040\000R\000e\000v\000i\000v\000a\000l}{}% 93
\BOOKMARK [1][-]{section.13.1}{\376\377\000B\000a\000d\000\040\000M\000o\000o\000n\000\040\000R\000i\000s\000i\000n\000g}{chapter.13}% 94
\BOOKMARK [1][-]{section.13.2}{\376\377\000H\000a\000v\000e\000\040\000Y\000o\000u\000\040\000E\000v\000e\000r\000\040\000S\000e\000e\000n\000\040\000T\000h\000e\000\040\000R\000a\000i\000n}{chapter.13}% 95
\BOOKMARK [0][-]{chapter.14}{\376\377\000C\000r\000o\000s\000b\000y\000,\000\040\000S\000t\000i\000l\000l\000s\000,\000\040\000N\000a\000s\000h\000\040\000a\000n\000d\000\040\000Y\000o\000u\000n\000g}{}% 96
\BOOKMARK [0][-]{chapter.15}{\376\377\000D\000i\000r\000e\000\040\000S\000t\000r\000a\000i\000t\000s}{}% 97
\BOOKMARK [1][-]{section.15.1}{\376\377\000L\000a\000d\000y\000\040\000W\000r\000i\000t\000e\000r}{chapter.15}% 98
\BOOKMARK [1][-]{section.15.2}{\376\377\000R\000o\000m\000e\000o\000\040\000A\000n\000d\000\040\000J\000u\000l\000i\000e\000t}{chapter.15}% 99
\BOOKMARK [1][-]{section.15.3}{\376\377\000S\000u\000l\000t\000a\000n\000s\000\040\000O\000f\000\040\000S\000w\000i\000n\000g}{chapter.15}% 100
\BOOKMARK [1][-]{section.15.4}{\376\377\000T\000u\000n\000n\000e\000l\000\040\000O\000f\000\040\000L\000o\000v\000e}{chapter.15}% 101
\BOOKMARK [0][-]{chapter.16}{\376\377\000D\000o\000o\000r\000s}{}% 102
\BOOKMARK [0][-]{chapter.17}{\376\377\000E\000a\000g\000l\000e\000s}{}% 103
\BOOKMARK [1][-]{section.17.1}{\376\377\000D\000e\000s\000p\000e\000r\000a\000d\000o}{chapter.17}% 104
\BOOKMARK [1][-]{section.17.2}{\376\377\000H\000o\000t\000e\000l\000\040\000C\000a\000l\000i\000f\000o\000r\000n\000i\000a}{chapter.17}% 105
\BOOKMARK [1][-]{section.17.3}{\376\377\000P\000e\000a\000c\000e\000f\000u\000l\000\040\000E\000a\000s\000y\000\040\000F\000e\000e\000l\000i\000n\000g}{chapter.17}% 106
\BOOKMARK [1][-]{section.17.4}{\376\377\000T\000a\000k\000e\000\040\000I\000t\000\040\000E\000a\000s\000y}{chapter.17}% 107
\BOOKMARK [1][-]{section.17.5}{\376\377\000T\000a\000k\000e\000\040\000I\000t\000\040\000T\000o\000\040\000T\000h\000e\000\040\000L\000i\000m\000i\000t}{chapter.17}% 108
\BOOKMARK [1][-]{section.17.6}{\376\377\000T\000e\000q\000u\000i\000l\000a\000\040\000S\000u\000n\000r\000i\000s\000e}{chapter.17}% 109
\BOOKMARK [1][-]{section.17.7}{\376\377\000W\000a\000s\000t\000e\000d\000\040\000T\000i\000m\000e}{chapter.17}% 110
\BOOKMARK [0][-]{chapter.18}{\376\377\000E\000d\000d\000i\000e\000\040\000V\000e\000d\000d\000e\000r}{}% 111
\BOOKMARK [1][-]{section.18.1}{\376\377\000G\000u\000a\000r\000a\000n\000t\000e\000e\000d}{chapter.18}% 112
\BOOKMARK [1][-]{section.18.2}{\376\377\000H\000a\000r\000d\000\040\000S\000u\000n}{chapter.18}% 113
\BOOKMARK [1][-]{section.18.3}{\376\377\000S\000o\000c\000i\000e\000t\000y}{chapter.18}% 114
\BOOKMARK [0][-]{chapter.19}{\376\377\000E\000d\000o\000a\000r\000d\000o\000\040\000B\000e\000n\000n\000a\000t\000o}{}% 115
\BOOKMARK [1][-]{section.19.1}{\376\377\000I\000l\000\040\000G\000a\000t\000t\000o\000\040\000E\000\040\000L\000a\000\040\000V\000o\000l\000p\000e}{chapter.19}% 116
\BOOKMARK [1][-]{section.19.2}{\376\377\000L\000'\000I\000s\000o\000l\000a\000\040\000C\000h\000e\000\040\000N\000o\000n\000\040\000C\000'\000e}{chapter.19}% 117
\BOOKMARK [1][-]{section.19.3}{\376\377\000S\000o\000n\000o\000\040\000S\000o\000l\000o\000\040\000C\000a\000n\000z\000o\000n\000e\000t\000t\000e}{chapter.19}% 118
\BOOKMARK [0][-]{chapter.20}{\376\377\000E\000m\000e\000r\000s\000o\000n\000,\000\040\000L\000a\000k\000e\000\040\000a\000n\000d\000\040\000P\000a\000l\000m\000e\000r}{}% 119
\BOOKMARK [1][-]{section.20.1}{\376\377\000L\000u\000c\000k\000y\000\040\000M\000a\000n}{chapter.20}% 120
\BOOKMARK [0][-]{chapter.21}{\376\377\000E\000r\000i\000c\000\040\000C\000l\000a\000p\000t\000o\000n}{}% 121
\BOOKMARK [1][-]{section.21.1}{\376\377\000T\000e\000a\000r\000s\000\040\000I\000n\000\040\000H\000e\000a\000v\000e\000n}{chapter.21}% 122
\BOOKMARK [1][-]{section.21.2}{\376\377\000W\000o\000n\000d\000e\000r\000f\000u\000l\000\040\000T\000o\000n\000i\000g\000h\000t}{chapter.21}% 123
\BOOKMARK [0][-]{chapter.22}{\376\377\000F\000a\000b\000r\000i\000z\000i\000o\000\040\000D\000e\000\040\000A\000n\000d\000r\000e}{}% 124
\BOOKMARK [0][-]{chapter.23}{\376\377\000F\000r\000a\000n\000c\000e\000s\000c\000o\000\040\000D\000e\000\040\000G\000r\000e\000g\000o\000r\000i}{}% 125
\BOOKMARK [1][-]{section.23.1}{\376\377\000B\000u\000o\000n\000a\000n\000o\000t\000t\000e\000\040\000F\000i\000o\000r\000e\000l\000l\000i\000n\000o}{chapter.23}% 126
\BOOKMARK [1][-]{section.23.2}{\376\377\000G\000e\000n\000e\000r\000a\000l\000e}{chapter.23}% 127
\BOOKMARK [1][-]{section.23.3}{\376\377\000L\000a\000\040\000D\000o\000n\000n\000a\000\040\000C\000a\000n\000n\000o\000n\000e}{chapter.23}% 128
\BOOKMARK [1][-]{section.23.4}{\376\377\000L\000a\000\040\000L\000e\000v\000a\000\040\000C\000a\000l\000c\000i\000s\000t\000i\000c\000a\000\040\000D\000e\000l\000l\000a\000\040\000C\000l\000a\000s\000s\000e\000\040\0006\0008}{chapter.23}% 129
\BOOKMARK [1][-]{section.23.5}{\376\377\000M\000a\000\040\000C\000o\000m\000e\000\040\000F\000a\000n\000n\000o\000\040\000I\000\040\000M\000a\000r\000i\000n\000a\000i}{chapter.23}% 130
\BOOKMARK [1][-]{section.23.6}{\376\377\000P\000a\000b\000l\000o}{chapter.23}% 131
\BOOKMARK [1][-]{section.23.7}{\376\377\000R\000i\000m\000m\000e\000l}{chapter.23}% 132
\BOOKMARK [0][-]{chapter.24}{\376\377\000F\000r\000a\000n\000c\000e\000s\000c\000o\000\040\000G\000u\000c\000c\000i\000n\000i}{}% 133
\BOOKMARK [1][-]{section.24.1}{\376\377\000A\000u\000s\000c\000h\000w\000i\000t\000z}{chapter.24}% 134
\BOOKMARK [1][-]{section.24.2}{\376\377\000A\000u\000t\000o\000g\000r\000i\000l\000l}{chapter.24}% 135
\BOOKMARK [1][-]{section.24.3}{\376\377\000B\000o\000l\000o\000g\000n\000a}{chapter.24}% 136
\BOOKMARK [1][-]{section.24.4}{\376\377\000C\000a\000n\000z\000o\000n\000e\000\040\000P\000e\000r\000\040\000U\000n\000'\000A\000m\000i\000c\000a}{chapter.24}% 137
\BOOKMARK [1][-]{section.24.5}{\376\377\000C\000i\000r\000a\000n\000o}{chapter.24}% 138
\BOOKMARK [1][-]{section.24.6}{\376\377\000C\000r\000i\000s\000t\000o\000f\000o\000r\000o\000\040\000C\000o\000l\000o\000m\000b\000o}{chapter.24}% 139
\BOOKMARK [1][-]{section.24.7}{\376\377\000D\000i\000o\000\040\000e\000\040\000M\000o\000r\000t\000o}{chapter.24}% 140
\BOOKMARK [1][-]{section.24.8}{\376\377\000D\000o\000n\000\040\000C\000h\000i\000s\000c\000i\000o\000t\000t\000e}{chapter.24}% 141
\BOOKMARK [1][-]{section.24.9}{\376\377\000E\000s\000k\000i\000m\000o}{chapter.24}% 142
\BOOKMARK [1][-]{section.24.10}{\376\377\000F\000a\000r\000e\000w\000e\000l\000l}{chapter.24}% 143
\BOOKMARK [1][-]{section.24.11}{\376\377\000I\000l\000\040\000V\000e\000c\000c\000h\000i\000o\000\040\000E\000\040\000I\000l\000\040\000B\000a\000m\000b\000i\000n\000o}{chapter.24}% 144
\BOOKMARK [1][-]{section.24.12}{\376\377\000L\000'\000A\000v\000v\000e\000l\000e\000n\000a\000t\000a}{chapter.24}% 145
\BOOKMARK [1][-]{section.24.13}{\376\377\000L\000a\000\040\000L\000o\000c\000o\000m\000o\000t\000i\000v\000a}{chapter.24}% 146
\BOOKMARK [1][-]{section.24.14}{\376\377\000P\000i\000c\000c\000o\000l\000a\000\040\000C\000i\000t\000t\000a\000'}{chapter.24}% 147
\BOOKMARK [1][-]{section.24.15}{\376\377\000S\000t\000a\000t\000a\000l\000e\000\040\0001\0007}{chapter.24}% 148
\BOOKMARK [0][-]{chapter.25}{\376\377\000F\000r\000a\000n\000c\000o\000\040\000B\000a\000t\000t\000i\000a\000t\000o}{}% 149
\BOOKMARK [0][-]{chapter.26}{\376\377\000F\000u\000l\000m\000i\000n\000a\000c\000c\000i}{}% 150
\BOOKMARK [1][-]{section.26.1}{\376\377\000T\000a\000t\000t\000i\000c\000a}{chapter.26}% 151
\BOOKMARK [1][-]{section.26.2}{\376\377\000T\000o\000m\000m\000a\000s\000o}{chapter.26}% 152
\BOOKMARK [0][-]{chapter.27}{\376\377\000I\000v\000a\000n\000\040\000G\000r\000a\000z\000i\000a\000n\000i}{}% 153
\BOOKMARK [1][-]{section.27.1}{\376\377\000A\000g\000n\000e\000s\000e}{chapter.27}% 154
\BOOKMARK [1][-]{section.27.2}{\376\377\000F\000i\000r\000e\000n\000z\000e\000\040\000C\000a\000n\000z\000o\000n\000e\000\040\000T\000r\000i\000s\000t\000e}{chapter.27}% 155
\BOOKMARK [1][-]{section.27.3}{\376\377\000F\000u\000o\000c\000o\000\040\000S\000u\000l\000l\000a\000\040\000C\000o\000l\000l\000i\000n\000a}{chapter.27}% 156
\BOOKMARK [1][-]{section.27.4}{\376\377\000I\000\040\000L\000u\000p\000i}{chapter.27}% 157
\BOOKMARK [1][-]{section.27.5}{\376\377\000L\000u\000g\000a\000n\000o\000\040\000A\000d\000d\000i\000o}{chapter.27}% 158
\BOOKMARK [1][-]{section.27.6}{\376\377\000S\000i\000g\000n\000o\000r\000a\000\040\000B\000i\000o\000n\000d\000a\000\040\000D\000e\000i\000\040\000C\000i\000l\000i\000e\000g\000i}{chapter.27}% 159
\BOOKMARK [0][-]{chapter.28}{\376\377\000I\000v\000a\000n\000o\000\040\000F\000o\000s\000s\000a\000t\000i}{}% 160
\BOOKMARK [1][-]{section.28.1}{\376\377\000L\000a\000\040\000M\000i\000a\000\040\000B\000a\000n\000d\000a\000\040\000S\000u\000o\000n\000a\000\040\000I\000l\000\040\000R\000o\000c\000k}{chapter.28}% 161
\BOOKMARK [1][-]{section.28.2}{\376\377\000M\000i\000o\000\040\000F\000r\000a\000t\000e\000l\000l\000o\000\040\000C\000h\000e\000\040\000G\000u\000a\000r\000d\000i\000\040\000I\000l\000\040\000M\000o\000n\000d\000o}{chapter.28}% 162
\BOOKMARK [1][-]{section.28.3}{\376\377\000P\000a\000n\000e\000\040\000E\000\040\000C\000o\000r\000a\000g\000g\000i\000o}{chapter.28}% 163
\BOOKMARK [0][-]{chapter.29}{\376\377\000J\000o\000h\000n\000n\000y\000\040\000C\000a\000s\000h}{}% 164
\BOOKMARK [0][-]{chapter.30}{\376\377\000L\000e\000d\000\040\000Z\000e\000p\000p\000e\000l\000i\000n}{}% 165
\BOOKMARK [1][-]{section.30.1}{\376\377\000B\000l\000a\000c\000k\000\040\000D\000o\000g}{chapter.30}% 166
\BOOKMARK [1][-]{section.30.2}{\376\377\000K\000a\000s\000h\000m\000e\000r\000e}{chapter.30}% 167
\BOOKMARK [1][-]{section.30.3}{\376\377\000O\000v\000e\000r\000\040\000T\000h\000e\000\040\000H\000i\000l\000l\000s\000\040\000A\000n\000d\000\040\000F\000a\000r\000\040\000A\000w\000a\000y}{chapter.30}% 168
\BOOKMARK [1][-]{section.30.4}{\376\377\000S\000t\000a\000i\000r\000w\000a\000y\000\040\000T\000o\000\040\000H\000e\000a\000v\000e\000n}{chapter.30}% 169
\BOOKMARK [0][-]{chapter.31}{\376\377\000L\000e\000o\000n\000a\000r\000d\000\040\000C\000o\000h\000e\000n}{}% 170
\BOOKMARK [0][-]{chapter.32}{\376\377\000L\000o\000u\000\040\000R\000e\000e\000d}{}% 171
\BOOKMARK [1][-]{section.32.1}{\376\377\000P\000e\000r\000f\000e\000c\000t\000\040\000D\000a\000y}{chapter.32}% 172
\BOOKMARK [0][-]{chapter.33}{\376\377\000L\000u\000c\000i\000o\000\040\000B\000a\000t\000t\000i\000s\000t\000i}{}% 173
\BOOKMARK [1][-]{section.33.1}{\376\377\000A\000c\000q\000u\000a\000\040\000A\000z\000z\000u\000r\000r\000a\000\040\000A\000c\000q\000u\000a\000\040\000C\000h\000i\000a\000r\000a}{chapter.33}% 174
\BOOKMARK [1][-]{section.33.2}{\376\377\000C\000o\000n\000\040\000I\000l\000\040\000N\000a\000s\000t\000r\000o\000\040\000R\000o\000s\000a}{chapter.33}% 175
\BOOKMARK [1][-]{section.33.3}{\376\377\000F\000i\000o\000r\000i\000\040\000R\000o\000s\000a\000\040\000F\000i\000o\000r\000i\000\040\000D\000i\000\040\000P\000e\000s\000c\000o}{chapter.33}% 176
\BOOKMARK [1][-]{section.33.4}{\376\377\000I\000\040\000G\000i\000a\000r\000d\000i\000n\000i\000\040\000D\000i\000\040\000M\000a\000r\000z\000o}{chapter.33}% 177
\BOOKMARK [1][-]{section.33.5}{\376\377\000I\000l\000\040\000M\000i\000o\000\040\000C\000a\000n\000t\000o\000\040\000L\000i\000b\000e\000r\000o}{chapter.33}% 178
\BOOKMARK [1][-]{section.33.6}{\376\377\000L\000a\000\040\000C\000a\000n\000z\000o\000n\000e\000\040\000D\000e\000l\000\040\000S\000o\000l\000e}{chapter.33}% 179
\BOOKMARK [1][-]{section.33.7}{\376\377\000L\000a\000\040\000C\000o\000l\000l\000i\000n\000a\000\040\000D\000e\000i\000\040\000C\000i\000l\000i\000e\000g\000i}{chapter.33}% 180
\BOOKMARK [1][-]{section.33.8}{\376\377\000S\000i\000\040\000V\000i\000a\000g\000g\000i\000a\000r\000e}{chapter.33}% 181
\BOOKMARK [0][-]{chapter.34}{\376\377\000L\000u\000c\000i\000o\000\040\000D\000a\000l\000l\000a}{}% 182
\BOOKMARK [1][-]{section.34.1}{\376\377\0004\000\040\000M\000a\000r\000z\000o\000\040\0001\0009\0004\0003}{chapter.34}% 183
\BOOKMARK [1][-]{section.34.2}{\376\377\000C\000o\000s\000a\000\040\000S\000a\000r\000a\000'}{chapter.34}% 184
\BOOKMARK [1][-]{section.34.3}{\376\377\000L\000'\000A\000n\000n\000o\000\040\000C\000h\000e\000\040\000V\000e\000r\000r\000a\000'}{chapter.34}% 185
\BOOKMARK [0][-]{chapter.35}{\376\377\000L\000y\000n\000y\000r\000d\000\040\000S\000k\000y\000n\000y\000r\000d}{}% 186
\BOOKMARK [1][-]{section.35.1}{\376\377\000S\000w\000e\000e\000t\000\040\000H\000o\000m\000e\000\040\000A\000l\000a\000b\000a\000m\000a}{chapter.35}% 187
\BOOKMARK [0][-]{chapter.36}{\376\377\000M\000o\000d\000e\000n\000a\000\040\000C\000i\000t\000y\000\040\000R\000a\000m\000b\000l\000e\000r\000s}{}% 188
\BOOKMARK [1][-]{section.36.1}{\376\377\000C\000o\000n\000t\000e\000s\000s\000a}{chapter.36}% 189
\BOOKMARK [1][-]{section.36.2}{\376\377\000E\000b\000a\000n\000o}{chapter.36}% 190
\BOOKMARK [1][-]{section.36.3}{\376\377\000F\000i\000s\000c\000h\000i\000a\000\040\000I\000l\000\040\000V\000e\000n\000t\000o}{chapter.36}% 191
\BOOKMARK [1][-]{section.36.4}{\376\377\000I\000\040\0001\0000\0000\000\040\000P\000a\000s\000s\000i}{chapter.36}% 192
\BOOKMARK [1][-]{section.36.5}{\376\377\000I\000n\000\040\000U\000n\000\040\000G\000i\000o\000r\000n\000o\000\040\000D\000i\000\040\000P\000i\000o\000g\000g\000i\000a}{chapter.36}% 193
\BOOKMARK [1][-]{section.36.6}{\376\377\000L\000a\000\040\000P\000i\000a\000n\000u\000r\000a\000\040\000D\000e\000i\000\040\000S\000e\000t\000t\000e\000\040\000F\000r\000a\000t\000e\000l\000l\000i}{chapter.36}% 194
\BOOKMARK [1][-]{section.36.7}{\376\377\000L\000a\000\040\000S\000t\000r\000a\000d\000a}{chapter.36}% 195
\BOOKMARK [1][-]{section.36.8}{\376\377\000M\000i\000a\000\040\000D\000o\000l\000c\000e\000\040\000R\000i\000v\000o\000l\000u\000z\000i\000o\000n\000a\000r\000i\000a}{chapter.36}% 196
\BOOKMARK [1][-]{section.36.9}{\376\377\000O\000l\000t\000r\000e\000\040\000I\000l\000\040\000P\000o\000n\000t\000e}{chapter.36}% 197
\BOOKMARK [0][-]{chapter.37}{\376\377\000N\000a\000d\000a}{}% 198
\BOOKMARK [1][-]{section.37.1}{\376\377\000A\000m\000o\000r\000e\000\040\000D\000i\000s\000p\000e\000r\000a\000t\000o}{chapter.37}% 199
\BOOKMARK [1][-]{section.37.2}{\376\377\000M\000a\000\040\000C\000h\000e\000\040\000F\000r\000e\000d\000d\000o\000\040\000C\000h\000e\000\040\000F\000a}{chapter.37}% 200
\BOOKMARK [0][-]{chapter.38}{\376\377\000N\000e\000i\000l\000\040\000Y\000o\000u\000n\000g}{}% 201
\BOOKMARK [1][-]{section.38.1}{\376\377\000N\000e\000e\000d\000l\000e\000\040\000A\000n\000d\000\040\000T\000h\000e\000\040\000D\000a\000m\000a\000g\000e\000\040\000D\000o\000n\000e}{chapter.38}% 202
\BOOKMARK [0][-]{chapter.39}{\376\377\000N\000i\000r\000v\000a\000n\000a}{}% 203
\BOOKMARK [0][-]{chapter.40}{\376\377\000O\000t\000h\000e\000r\000s}{}% 204
\BOOKMARK [1][-]{section.40.1}{\376\377\000C\000'\000e\000r\000a\000\040\000U\000n\000\040\000R\000a\000g\000a\000z\000z\000o\000,\000\040\000G\000i\000a\000n\000n\000i\000\040\000M\000o\000r\000a\000n\000d\000i}{chapter.40}% 205
\BOOKMARK [1][-]{section.40.2}{\376\377\000C\000a\000l\000i\000f\000o\000r\000n\000i\000a\000\040\000D\000r\000e\000a\000m\000i\000n\000g}{chapter.40}% 206
\BOOKMARK [1][-]{section.40.3}{\376\377\000H\000a\000l\000l\000e\000l\000u\000j\000a\000h}{chapter.40}% 207
\BOOKMARK [1][-]{section.40.4}{\376\377\000H\000o\000u\000s\000e\000\040\000O\000f\000\040\000T\000h\000e\000\040\000R\000i\000s\000i\000n\000g\000\040\000S\000u\000n\000,\000\040\000T\000h\000e\000\040\000A\000n\000i\000m\000a\000l\000s}{chapter.40}% 208
\BOOKMARK [1][-]{section.40.5}{\376\377\000J\000e\000\040\000V\000e\000u\000x\000,\000\040\000Z\000A\000Z}{chapter.40}% 209
\BOOKMARK [1][-]{section.40.6}{\376\377\000L\000e\000\040\000V\000e\000n\000t\000\040\000N\000o\000u\000s\000\040\000P\000o\000r\000t\000e\000r\000a\000,\000\040\000N\000o\000i\000r\000\040\000D\000e\000s\000i\000r}{chapter.40}% 210
\BOOKMARK [1][-]{section.40.7}{\376\377\000L\000e\000i\000,\000\040\000D\000a\000n\000t\000e}{chapter.40}% 211
\BOOKMARK [1][-]{section.40.8}{\376\377\000L\000e\000m\000o\000n\000\040\000T\000r\000e\000e\000,\000\040\000F\000o\000o\000l\000s\000\040\000G\000a\000r\000d\000e\000n}{chapter.40}% 212
\BOOKMARK [1][-]{section.40.9}{\376\377\000M\000i\000\040\000P\000i\000a\000c\000c\000i\000o\000n\000\040\000L\000e\000\040\000S\000b\000a\000r\000b\000i\000n\000e\000,\000\040\000S\000k\000i\000a\000n\000t\000o\000s}{chapter.40}% 213
\BOOKMARK [1][-]{section.40.10}{\376\377\000S\000a\000n\000\040\000F\000r\000a\000n\000c\000i\000s\000c\000o\000,\000\040\000S\000c\000o\000t\000t\000\040\000M\000c\000K\000e\000n\000z\000i\000e}{chapter.40}% 214
\BOOKMARK [1][-]{section.40.11}{\376\377\000S\000a\000p\000o\000r\000e\000\040\000D\000i\000\040\000S\000a\000l\000e\000,\000\040\000G\000i\000n\000o\000\040\000P\000a\000o\000l\000i}{chapter.40}% 215
\BOOKMARK [1][-]{section.40.12}{\376\377\000S\000t\000a\000n\000d\000\040\000B\000y\000\040\000M\000e\000,\000\040\000B\000e\000n\000\040\000E\000.\000\040\000K\000i\000n\000g}{chapter.40}% 216
\BOOKMARK [1][-]{section.40.13}{\376\377\000S\000u\000n\000n\000y\000\040\000A\000f\000t\000e\000r\000n\000o\000o\000n\000,\000\040\000T\000h\000e\000\040\000K\000i\000n\000k\000s}{chapter.40}% 217
\BOOKMARK [1][-]{section.40.14}{\376\377\000T\000a\000t\000t\000i\000c\000a\000,\000\040\000F\000u\000l\000m\000i\000n\000a\000c\000c\000i}{chapter.40}% 218
\BOOKMARK [1][-]{section.40.15}{\376\377\000T\000e\000k\000e\000\040\000M\000e\000\040\000H\000o\000m\000e\000\040\000C\000o\000u\000n\000t\000r\000y\000\040\000R\000o\000a\000d\000s\000,\000\040\000J\000o\000h\000n\000\040\000D\000e\000n\000v\000e\000r}{chapter.40}% 219
\BOOKMARK [1][-]{section.40.16}{\376\377\000T\000h\000e\000\040\000F\000l\000a\000m\000e\000\040\000S\000t\000i\000l\000l\000\040\000B\000u\000r\000n\000s\000,\000\040\000S\000t\000r\000a\000n\000g\000e\000\040\000F\000r\000u\000i\000t}{chapter.40}% 220
\BOOKMARK [1][-]{section.40.17}{\376\377\000V\000i\000e\000n\000n\000a\000,\000\040\000B\000i\000l\000l\000y\000\040\000J\000o\000e\000l}{chapter.40}% 221
\BOOKMARK [1][-]{section.40.18}{\376\377\000W\000i\000c\000k\000e\000d\000\040\000G\000a\000m\000e\000,\000\040\000C\000h\000r\000i\000s\000\040\000I\000s\000a\000a\000k}{chapter.40}% 222
\BOOKMARK [1][-]{section.40.19}{\376\377\000W\000i\000n\000d\000\040\000O\000f\000\040\000C\000h\000a\000n\000g\000e\000,\000\040\000S\000c\000o\000r\000p\000i\000o\000n\000s}{chapter.40}% 223
\BOOKMARK [1][-]{section.40.20}{\376\377\000W\000o\000u\000l\000d\000n\000t\000\040\000I\000t\000\040\000B\000e\000\040\000N\000i\000c\000e\000,\000\040\000B\000e\000a\000c\000h\000\040\000B\000o\000y\000s}{chapter.40}% 224
\BOOKMARK [0][-]{chapter.41}{\376\377\000P\000e\000t\000e\000r\000\040\000G\000a\000b\000r\000i\000e\000l}{}% 225
\BOOKMARK [0][-]{chapter.42}{\376\377\000P\000i\000e\000r\000a\000n\000g\000e\000l\000o\000\040\000B\000e\000r\000t\000o\000l\000i}{}% 226
\BOOKMARK [1][-]{section.42.1}{\376\377\000C\000h\000i\000a\000m\000a\000\040\000P\000i\000a\000n\000o}{chapter.42}% 227
\BOOKMARK [1][-]{section.42.2}{\376\377\000E\000p\000p\000u\000r\000e\000\040\000S\000o\000f\000f\000i\000a}{chapter.42}% 228
\BOOKMARK [1][-]{section.42.3}{\376\377\000R\000o\000s\000s\000o\000\040\000C\000o\000l\000o\000r\000e}{chapter.42}% 229
\BOOKMARK [1][-]{section.42.4}{\376\377\000S\000p\000u\000n\000t\000a\000\040\000L\000a\000\040\000L\000u\000n\000a\000\040\000D\000a\000l\000\040\000M\000o\000n\000t\000e}{chapter.42}% 230
\BOOKMARK [0][-]{chapter.43}{\376\377\000P\000i\000n\000k\000\040\000F\000l\000o\000y\000d}{}% 231
\BOOKMARK [1][-]{section.43.1}{\376\377\000A\000n\000o\000t\000h\000e\000r\000\040\000B\000r\000i\000c\000k\000\040\000I\000n\000\040\000T\000h\000e\000\040\000W\000a\000l\000l\000\040\0002}{chapter.43}% 232
\BOOKMARK [1][-]{section.43.2}{\376\377\000C\000o\000m\000f\000o\000r\000t\000a\000b\000l\000y\000\040\000N\000u\000m\000b}{chapter.43}% 233
\BOOKMARK [1][-]{section.43.3}{\376\377\000W\000i\000s\000h\000\040\000Y\000o\000u\000\040\000W\000e\000r\000e\000\040\000H\000e\000r\000e}{chapter.43}% 234
\BOOKMARK [0][-]{chapter.44}{\376\377\000P\000o\000l\000i\000c\000e}{}% 235
\BOOKMARK [1][-]{section.44.1}{\376\377\000E\000v\000e\000r\000y\000\040\000B\000r\000e\000a\000t\000h\000\040\000Y\000o\000u\000\040\000T\000a\000k\000e}{chapter.44}% 236
\BOOKMARK [1][-]{section.44.2}{\376\377\000M\000e\000s\000s\000a\000g\000e\000\040\000I\000n\000\040\000A\000\040\000B\000o\000t\000t\000l\000e}{chapter.44}% 237
\BOOKMARK [0][-]{chapter.45}{\376\377\000P\000r\000e\000m\000i\000a\000t\000a\000\040\000F\000o\000r\000n\000e\000r\000i\000a\000\040\000M\000a\000r\000c\000o\000n\000i}{}% 238
\BOOKMARK [1][-]{section.45.1}{\376\377\000C\000a\000p\000i\000t\000a\000n\000i\000\040\000C\000o\000r\000a\000g\000g\000i\000o\000s\000i}{chapter.45}% 239
\BOOKMARK [1][-]{section.45.2}{\376\377\000M\000a\000e\000s\000t\000r\000o\000\040\000D\000e\000l\000l\000a\000\040\000V\000o\000c\000e}{chapter.45}% 240
\BOOKMARK [0][-]{chapter.46}{\376\377\000R\000i\000n\000o\000\040\000G\000a\000e\000t\000a\000n\000o}{}% 241
\BOOKMARK [1][-]{section.46.1}{\376\377\000A\000\040\000M\000a\000n\000o\000\040\000A\000\040\000M\000a\000n\000o}{chapter.46}% 242
\BOOKMARK [1][-]{section.46.2}{\376\377\000A\000i\000d\000a}{chapter.46}% 243
\BOOKMARK [1][-]{section.46.3}{\376\377\000G\000i\000a\000n\000n\000a}{chapter.46}% 244
\BOOKMARK [1][-]{section.46.4}{\376\377\000M\000a\000\040\000I\000l\000\040\000C\000i\000e\000l\000o\000\040\000E\000'\000\040\000S\000e\000m\000p\000r\000e\000\040\000P\000i\000u\000'\000\040\000B\000l\000u}{chapter.46}% 245
\BOOKMARK [1][-]{section.46.5}{\376\377\000S\000f\000i\000o\000r\000i\000v\000a\000n\000o\000\040\000L\000e\000\040\000V\000i\000o\000l\000e}{chapter.46}% 246
\BOOKMARK [1][-]{section.46.6}{\376\377\000T\000i\000\040\000T\000i\000\040\000T\000i\000\040\000T\000i}{chapter.46}% 247
\BOOKMARK [0][-]{chapter.47}{\376\377\000R\000o\000l\000l\000i\000n\000g\000\040\000S\000t\000o\000n\000e\000s}{}% 248
\BOOKMARK [1][-]{section.47.1}{\376\377\000S\000a\000t\000i\000s\000f\000a\000c\000t\000i\000o\000n}{chapter.47}% 249
\BOOKMARK [1][-]{section.47.2}{\376\377\000W\000a\000i\000t\000i\000n\000g\000\040\000O\000n\000\040\000A\000\040\000F\000r\000i\000e\000n\000d}{chapter.47}% 250
\BOOKMARK [0][-]{chapter.48}{\376\377\000S\000i\000m\000o\000n\000\040\000a\000n\000d\000\040\000G\000a\000r\000f\000u\000n\000k\000e\000l}{}% 251
\BOOKMARK [0][-]{chapter.49}{\376\377\000S\000u\000l\000u\000t\000u\000m\000a\000n\000a}{}% 252
\BOOKMARK [1][-]{section.49.1}{\376\377\0006\000\040\000P\000e\000r\000\040\000M\000a\000n\000o}{chapter.49}% 253
\BOOKMARK [1][-]{section.49.2}{\376\377\0009\000\040\000M\000a\000r\000t\000a}{chapter.49}% 254
\BOOKMARK [1][-]{section.49.3}{\376\377\000D\000i\000m\000m\000i}{chapter.49}% 255
\BOOKMARK [1][-]{section.49.4}{\376\377\000G\000u\000a\000r\000d\000a\000\040\000L\000e\000\040\000S\000t\000e\000l\000l\000e}{chapter.49}% 256
\BOOKMARK [1][-]{section.49.5}{\376\377\000P\000o\000m\000e\000r\000i\000g\000g\000i\000o}{chapter.49}% 257
\BOOKMARK [0][-]{chapter.50}{\376\377\000T\000h\000e\000\040\000T\000u\000r\000t\000l\000e\000s}{}% 258
\BOOKMARK [1][-]{section.50.1}{\376\377\000E\000l\000e\000o\000n\000o\000r\000e}{chapter.50}% 259
\BOOKMARK [1][-]{section.50.2}{\376\377\000H\000a\000p\000p\000y\000\040\000T\000o\000g\000e\000t\000h\000e\000r}{chapter.50}% 260
